<?xml version="1.0" encoding="UTF-8"?>
<testsuite xmlns:xsi="http://www.w3.org/2001/XMLSchema-instance" xsi:noNamespaceSchemaLocation="https://maven.apache.org/surefire/maven-surefire-plugin/xsd/surefire-test-report.xsd" name="com.jt.TestRedisShards" time="2.007" tests="1" errors="1" skipped="0" failures="0">
  <properties>
[...]
</properties>
  <testcase name="testShards" classname="com.jt.TestRedisShards" time="2.007">
    <error message="Failed connecting to host 192.168.181.129:6381" type="redis.clients.jedis.exceptions.JedisConnectionException">redis.clients.jedis.exceptions.JedisConnectionException: Failed connecting to host 192.168.181.129:6381
	at com.jt.TestRedisShards.testShards(TestRedisShards.java:30)
Caused by: java.net.SocketTimeoutException: connect timed out
	at com.jt.TestRedisShards.testShards(TestRedisShards.java:30)
</error>
  </testcase>
</testsuite>